<?xml version="1.0" encoding="UTF-8"?>
<testng-results ignored="0" total="2" passed="2" failed="0" skipped="0">
  <reporter-output>
  </reporter-output>
  <suite started-at="2022-04-02T16:02:25 IST" name="Suite" finished-at="2022-04-02T16:03:17 IST" duration-ms="51821">
    <groups>
    </groups>
    <test started-at="2022-04-02T16:02:25 IST" name="Test" finished-at="2022-04-02T16:03:17 IST" duration-ms="51821">
      <class name="test.TestHotelAppTest">
        <test-method is-config="true" signature="beforeMethod()[pri:0, instance:test.TestHotelAppTest@1b1426f4]" started-at="2022-04-02T16:02:38 IST" name="beforeMethod" finished-at="2022-04-02T16:02:38 IST" duration-ms="0" status="PASS">
          <reporter-output>
          </reporter-output>
        </test-method> <!-- beforeMethod -->
        <test-method signature="TestHotelApp()[pri:0, instance:test.TestHotelAppTest@1b1426f4]" started-at="2022-04-02T16:02:38 IST" name="TestHotelApp" finished-at="2022-04-02T16:02:56 IST" duration-ms="18524" status="PASS">
          <reporter-output>
          </reporter-output>
        </test-method> <!-- TestHotelApp -->
        <test-method is-config="true" signature="afterMethod()[pri:0, instance:test.TestHotelAppTest@1b1426f4]" started-at="2022-04-02T16:02:56 IST" name="afterMethod" finished-at="2022-04-02T16:02:56 IST" duration-ms="107" status="PASS">
          <reporter-output>
          </reporter-output>
        </test-method> <!-- afterMethod -->
      </class> <!-- test.TestHotelAppTest -->
      <class name="test.NewTest">
        <test-method is-config="true" signature="beforeTest()[pri:0, instance:test.NewTest@306e95ec]" started-at="2022-04-02T16:02:25 IST" name="beforeTest" finished-at="2022-04-02T16:02:38 IST" duration-ms="12405" status="PASS">
          <reporter-output>
          </reporter-output>
        </test-method> <!-- beforeTest -->
        <test-method signature="test1()[pri:0, instance:test.NewTest@306e95ec]" started-at="2022-04-02T16:02:56 IST" name="test1" finished-at="2022-04-02T16:03:17 IST" duration-ms="20469" status="PASS">
          <reporter-output>
          </reporter-output>
        </test-method> <!-- test1 -->
        <test-method is-config="true" signature="afterTest()[pri:0, instance:test.NewTest@306e95ec]" started-at="2022-04-02T16:03:17 IST" name="afterTest" finished-at="2022-04-02T16:03:17 IST" duration-ms="269" status="PASS">
          <reporter-output>
          </reporter-output>
        </test-method> <!-- afterTest -->
      </class> <!-- test.NewTest -->
    </test> <!-- Test -->
  </suite> <!-- Suite -->
</testng-results>
